<?xml version="1.0" encoding="UTF-8"?>
<!-- Generated by org.testng.reporters.JUnitReportReporter -->
<testsuite hostname="ELW4297" failures="0" tests="1" name="scripts.ApplyLeave" time="51.697" errors="0" timestamp="29 Nov 2022 11:24:30 GMT" skipped="0">
  <testcase classname="scripts.ApplyLeave" name="testApplyLeave" time="51.697"/>
</testsuite> <!-- scripts.ApplyLeave -->
