<?xml version="1.0" encoding="UTF-8"?>
<!-- Generated by org.testng.reporters.JUnitReportReporter -->
<testsuite hostname="ELW4297" failures="0" tests="1" name="scripts.LoginTest" time="11.556" errors="0" timestamp="29 Nov 2022 09:47:19 GMT" skipped="0">
  <testcase classname="scripts.LoginTest" name="loginPageTest" time="11.556"/>
</testsuite> <!-- scripts.LoginTest -->
