<?xml version="1.0" encoding="UTF-8"?>
<!-- Generated by org.testng.reporters.JUnitReportReporter -->
<testsuite hostname="ELW4297" failures="0" tests="1" name="scripts.RegisterTest" time="40.360" errors="0" timestamp="02 Dec 2022 09:07:27 GMT" skipped="0">
  <testcase classname="scripts.RegisterTest" name="registerPageTest" time="40.360"/>
</testsuite> <!-- scripts.RegisterTest -->
